<?xml version="1.0" encoding="UTF-8"?>
<!-- Generated by org.testng.reporters.JUnitXMLReporter -->
<testsuite ignored="0" hostname="Ruslans-MacBook-Pro.local" failures="1" tests="4" name="Dependency Test" time="0.015" errors="0" timestamp="2023-08-31T01:01:47 EEST">
  <testcase classname="testcases.TestCase3" name="userRegistr" time="0.001">
    <failure type="java.lang.AssertionError" message="User was not regisrered">
      <![CDATA[java.lang.AssertionError: User was not regisrered
at testcases.TestCase3.userRegistr(TestCase3.java:11)
at java.base/java.util.ArrayList.forEach(ArrayList.java:1507)
at com.intellij.rt.testng.IDEARemoteTestNG.run(IDEARemoteTestNG.java:66)
at com.intellij.rt.testng.RemoteTestNGStarter.main(RemoteTestNGStarter.java:109)
... Removed 25 stack frames]]>
    </failure>
  </testcase> <!-- userRegistr -->
  <testcase classname="testcases.TestCase3" name="doLogin" time="0.0">
    <skipped/>
  </testcase> <!-- doLogin -->
  <testcase classname="testcases.TestCase3" name="thirdTest" time="0.002"/>
  <testcase classname="testcases.TestCase3" name="fourthTest" time="0.001"/>
</testsuite> <!-- Dependency Test -->
